<?xml version="1.0" encoding="UTF-8"?>
<testsuites name="jest tests" tests="4" failures="0" errors="0" time="0.958">
  <testsuite name="ClubService" errors="0" failures="0" skipped="0" timestamp="2024-08-21T16:38:27" time="0.89" tests="3">
    <testcase classname="ClubService getClubs should return all clubs" name="ClubService getClubs should return all clubs" time="0.001">
    </testcase>
    <testcase classname="ClubService getClub should return one club" name="ClubService getClub should return one club" time="0">
    </testcase>
    <testcase classname="ClubService createClub should create one club" name="ClubService createClub should create one club" time="0.116">
    </testcase>
  </testsuite>
  <testsuite name="Sum Test" errors="0" failures="0" skipped="0" timestamp="2024-08-21T16:38:28" time="0.04" tests="1">
    <testcase classname="Sum Test adds 1+ 2 to equal 3" name="Sum Test adds 1+ 2 to equal 3" time="0">
    </testcase>
  </testsuite>
</testsuites>