<?xml version="1.0" encoding="UTF-8"?>
<testsuites name="jest tests" tests="2" failures="0" errors="0" time="0.599">
  <testsuite name="ClubService" errors="0" failures="0" skipped="0" timestamp="2024-08-15T17:19:45" time="0.522" tests="1">
    <testcase classname="ClubService getClubs should return all clubs" name="ClubService getClubs should return all clubs" time="0.002">
    </testcase>
  </testsuite>
  <testsuite name="Sum Test" errors="0" failures="0" skipped="0" timestamp="2024-08-15T17:19:45" time="0.035" tests="1">
    <testcase classname="Sum Test adds 1+ 2 to equal 3" name="Sum Test adds 1+ 2 to equal 3" time="0">
    </testcase>
  </testsuite>
</testsuites>