<?xml version="1.0" encoding="UTF-8"?>
<testsuites name="jest tests" tests="2" failures="0" errors="0" time="0.861">
  <testsuite name="ClubService" errors="0" failures="0" skipped="0" timestamp="2024-08-13T16:29:07" time="0.753" tests="1">
    <testcase classname="ClubService getClubs should return all clubs" name="ClubService getClubs should return all clubs" time="0.002">
    </testcase>
  </testsuite>
  <testsuite name="undefined" errors="0" failures="0" skipped="0" timestamp="2024-08-13T16:29:07" time="0.063" tests="1">
    <testcase classname=" adds 1+ 2 to equal 3" name=" adds 1+ 2 to equal 3" time="0">
    </testcase>
  </testsuite>
</testsuites>