<?xml version="1.0" encoding="UTF-8"?>
<testsuites name="jest tests" tests="2" failures="0" errors="0" time="1.829">
  <testsuite name="/club" errors="0" failures="0" skipped="0" timestamp="2024-08-21T18:01:39" time="1.787" tests="2">
    <testcase classname="/club GET /club should return clubs" name="/club GET /club should return clubs" time="0.026">
    </testcase>
    <testcase classname="/club GET /club/:id should return a single club" name="/club GET /club/:id should return a single club" time="0.072">
    </testcase>
  </testsuite>
</testsuites>