<?xml version="1.0" encoding="UTF-8"?>
<testsuites name="jest tests" tests="2" failures="1" errors="0" time="15.885">
  <testsuite name="/club" errors="0" failures="1" skipped="0" timestamp="2024-08-21T17:09:43" time="15.833" tests="2">
    <testcase classname="/club GET /club should return clubs" name="/club GET /club should return clubs" time="0.07">
    </testcase>
    <testcase classname="/club GET /club/:id should return a single club" name="/club GET /club/:id should return a single club" time="0.003">
      <failure>Error: Illegal arguments: undefined, number
    at _async (/Users/lexi.kwak/UNO EDU/scene/server/node_modules/bcryptjs/dist/bcrypt.js:214:46)
    at /Users/lexi.kwak/UNO EDU/scene/server/node_modules/bcryptjs/dist/bcrypt.js:223:17
    at new Promise (&lt;anonymous&gt;)
    at Object.bcrypt.hash (/Users/lexi.kwak/UNO EDU/scene/server/node_modules/bcryptjs/dist/bcrypt.js:222:20)
    at Object.&lt;anonymous&gt; (/Users/lexi.kwak/UNO EDU/scene/server/services/club_service.ts:18:39)
    at Generator.next (&lt;anonymous&gt;)
    at /Users/lexi.kwak/UNO EDU/scene/server/services/club_service.ts:8:71
    at new Promise (&lt;anonymous&gt;)
    at Object.&lt;anonymous&gt;.__awaiter (/Users/lexi.kwak/UNO EDU/scene/server/services/club_service.ts:4:12)
    at Object.createClub (/Users/lexi.kwak/UNO EDU/scene/server/services/club_service.ts:39:12)
    at /Users/lexi.kwak/UNO EDU/scene/server/routes/__tests__/clubs.test.ts:17:38
    at Generator.next (&lt;anonymous&gt;)
    at /Users/lexi.kwak/UNO EDU/scene/server/routes/__tests__/clubs.test.ts:31:71
    at new Promise (&lt;anonymous&gt;)
    at Object.&lt;anonymous&gt;.__awaiter (/Users/lexi.kwak/UNO EDU/scene/server/routes/__tests__/clubs.test.ts:27:12)
    at Object.&lt;anonymous&gt; (/Users/lexi.kwak/UNO EDU/scene/server/routes/__tests__/clubs.test.ts:16:50)
    at Promise.then.completed (/Users/lexi.kwak/UNO EDU/scene/server/node_modules/jest-circus/build/utils.js:298:28)
    at new Promise (&lt;anonymous&gt;)
    at callAsyncCircusFn (/Users/lexi.kwak/UNO EDU/scene/server/node_modules/jest-circus/build/utils.js:231:10)
    at _callCircusTest (/Users/lexi.kwak/UNO EDU/scene/server/node_modules/jest-circus/build/run.js:316:40)
    at processTicksAndRejections (node:internal/process/task_queues:95:5)
    at async _runTest (/Users/lexi.kwak/UNO EDU/scene/server/node_modules/jest-circus/build/run.js:252:3)
    at async _runTestsForDescribeBlock (/Users/lexi.kwak/UNO EDU/scene/server/node_modules/jest-circus/build/run.js:126:9)
    at async _runTestsForDescribeBlock (/Users/lexi.kwak/UNO EDU/scene/server/node_modules/jest-circus/build/run.js:121:9)
    at async _runTestsForDescribeBlock (/Users/lexi.kwak/UNO EDU/scene/server/node_modules/jest-circus/build/run.js:121:9)
    at async run (/Users/lexi.kwak/UNO EDU/scene/server/node_modules/jest-circus/build/run.js:71:3)
    at async runAndTransformResultsToJestFormat (/Users/lexi.kwak/UNO EDU/scene/server/node_modules/jest-circus/build/legacy-code-todo-rewrite/jestAdapterInit.js:122:21)
    at async jestAdapter (/Users/lexi.kwak/UNO EDU/scene/server/node_modules/jest-circus/build/legacy-code-todo-rewrite/jestAdapter.js:79:19)
    at async runTestInternal (/Users/lexi.kwak/UNO EDU/scene/server/node_modules/jest-runner/build/runTest.js:367:16)
    at async runTest (/Users/lexi.kwak/UNO EDU/scene/server/node_modules/jest-runner/build/runTest.js:444:34)</failure>
    </testcase>
  </testsuite>
</testsuites>