<?xml version="1.0" encoding="UTF-8"?>
<testsuites name="jest tests" tests="5" failures="0" errors="0" time="3.834">
  <testsuite name="/club" errors="0" failures="0" skipped="0" timestamp="2024-08-22T04:46:36" time="3.786" tests="5">
    <testcase classname="/club GET /club should return clubs" name="/club GET /club should return clubs" time="0.069">
    </testcase>
    <testcase classname="/club GET /club/:id should return a single club" name="/club GET /club/:id should return a single club" time="0.084">
    </testcase>
    <testcase classname="/club CREATE /club should create a single club" name="/club CREATE /club should create a single club" time="0.071">
    </testcase>
    <testcase classname="/club CREATE /club should fail if email is not correct format" name="/club CREATE /club should fail if email is not correct format" time="0.004">
    </testcase>
    <testcase classname="/club UPDATE / should update a single club" name="/club UPDATE / should update a single club" time="0.131">
    </testcase>
  </testsuite>
</testsuites>